<?xml version="1.0" encoding="UTF-8"?>
<testng-results ignored="1" total="2" passed="1" failed="0" skipped="0">
  <reporter-output>
  </reporter-output>
  <suite started-at="2022-08-17T17:44:03 IST" name="Default suite" finished-at="2022-08-17T17:44:05 IST" duration-ms="1989">
    <groups>
    </groups>
    <test started-at="2022-08-17T17:44:03 IST" name="Default test" finished-at="2022-08-17T17:44:05 IST" duration-ms="1989">
      <class name="mySampleJSONServer.SamplePostRequestExample">
        <test-method signature="postMethodWithoutBDD()[pri:0, instance:mySampleJSONServer.SamplePostRequestExample@7690781]" started-at="2022-08-17T17:44:03 IST" name="postMethodWithoutBDD" finished-at="2022-08-17T17:44:05 IST" duration-ms="1935" status="PASS">
          <reporter-output>
          </reporter-output>
        </test-method> <!-- postMethodWithoutBDD -->
      </class> <!-- mySampleJSONServer.SamplePostRequestExample -->
    </test> <!-- Default test -->
  </suite> <!-- Default suite -->
</testng-results>
