<?xml version="1.0" encoding="UTF-8"?>
<!-- Generated by org.testng.reporters.JUnitXMLReporter -->
<testsuite ignored="1" hostname="CDC2-L-138LY8D" failures="0" tests="1" name="Default test" time="1.989" errors="0" timestamp="2022-08-17T17:44:05 IST">
  <testcase classname="mySampleJSONServer.SamplePostRequestExample" name="postMethodWithoutBDD" time="1.935"/>
  <testcase classname="mySampleJSONServer.SamplePostRequestExample" name="postMethodExample" time="0.0">
    <ignored/>
  </testcase> <!-- postMethodExample -->
</testsuite> <!-- Default test -->
